{
  "RSpec": {
    "coverage": {
      "/Users/laurenlee/Documents/ada/weekend-warrior/01-leap/leap.rb": [
        null,
        null,
        null,
        null,
        null,
        null,
        null,
        1,
        null,
        1,
        0,
        1,
        0,
        1,
        1,
        null,
        0,
        null,
        null,
        null,
        null,
        null,
        null,
        null,
        null,
        null,
        null,
        null,
        null,
        null,
        null
      ]
    },
    "timestamp": 1504111064
  }
}
